# JRE version: Java(TM) SE Runtime Environment (8.0_45-b15) (build 1.8.0_45-b15)
# Java VM: Java HotSpot(TM) 64-Bit Server VM (25.45-b02 mixed mode windows-amd64 compressed oops)
Heap:
 PSYoungGen      total 105984K, used 69790K [0x00000000eab00000, 0x00000000f3b80000, 0x0000000100000000)
  eden space 100352K, 69% used [0x00000000eab00000,0x00000000eef27908,0x00000000f0d00000)
  from space 5632K, 0% used [0x00000000f2380000,0x00000000f2380000,0x00000000f2900000)
  to   space 23040K, 0% used [0x00000000f0d00000,0x00000000f0d00000,0x00000000f2380000)
 ParOldGen       total 233472K, used 110512K [0x00000000c0000000, 0x00000000ce400000, 0x00000000eab00000)
  object space 233472K, 47% used [0x00000000c0000000,0x00000000c6bec130,0x00000000ce400000)
 Metaspace       used 15776K, capacity 16036K, committed 16256K, reserved 1062912K
  class space    used 2014K, capacity 2089K, committed 2176K, reserved 1048576K
GC Heap History (10 events):
Event: 6.369 GC heap before
{Heap before GC invocations=13 (full 5):
 PSYoungGen      total 64000K, used 56841K [0x00000000eab00000, 0x00000000f0080000, 0x0000000100000000)
  eden space 59904K, 94% used [0x00000000eab00000,0x00000000ee2824f0,0x00000000ee580000)
  from space 4096K, 0% used [0x00000000ee580000,0x00000000ee580000,0x00000000ee980000)
  to   space 4608K, 0% used [0x00000000efc00000,0x00000000efc00000,0x00000000f0080000)
 ParOldGen       total 138240K, used 47968K [0x00000000c0000000, 0x00000000c8700000, 0x00000000eab00000)
  object space 138240K, 34% used [0x00000000c0000000,0x00000000c2ed8158,0x00000000c8700000)
 Metaspace       used 15306K, capacity 15620K, committed 16000K, reserved 1062912K
  class space    used 1947K, capacity 2057K, committed 2176K, reserved 1048576K
Event: 6.410 GC heap after
Heap after GC invocations=13 (full 5):
 PSYoungGen      total 81920K, used 4603K [0x00000000eab00000, 0x00000000f1100000, 0x0000000100000000)
  eden space 77312K, 0% used [0x00000000eab00000,0x00000000eab00000,0x00000000ef680000)
  from space 4608K, 99% used [0x00000000efc00000,0x00000000f007ed18,0x00000000f0080000)
  to   space 5632K, 0% used [0x00000000ef680000,0x00000000ef680000,0x00000000efc00000)
 ParOldGen       total 138240K, used 91945K [0x00000000c0000000, 0x00000000c8700000, 0x00000000eab00000)
  object space 138240K, 66% used [0x00000000c0000000,0x00000000c59ca578,0x00000000c8700000)
 Metaspace       used 15306K, capacity 15620K, committed 16000K, reserved 1062912K
  class space    used 1947K, capacity 2057K, committed 2176K, reserved 1048576K
}
Event: 6.410 GC heap before
{Heap before GC invocations=14 (full 6):
 PSYoungGen      total 81920K, used 4603K [0x00000000eab00000, 0x00000000f1100000, 0x0000000100000000)
  eden space 77312K, 0% used [0x00000000eab00000,0x00000000eab00000,0x00000000ef680000)
  from space 4608K, 99% used [0x00000000efc00000,0x00000000f007ed18,0x00000000f0080000)
  to   space 5632K, 0% used [0x00000000ef680000,0x00000000ef680000,0x00000000efc00000)
 ParOldGen       total 138240K, used 91945K [0x00000000c0000000, 0x00000000c8700000, 0x00000000eab00000)
  object space 138240K, 66% used [0x00000000c0000000,0x00000000c59ca578,0x00000000c8700000)
 Metaspace       used 15306K, capacity 15620K, committed 16000K, reserved 1062912K
  class space    used 1947K, capacity 2057K, committed 2176K, reserved 1048576K
Event: 6.453 GC heap after
Heap after GC invocations=14 (full 6):
 PSYoungGen      total 81920K, used 0K [0x00000000eab00000, 0x00000000f1100000, 0x0000000100000000)
  eden space 77312K, 0% used [0x00000000eab00000,0x00000000eab00000,0x00000000ef680000)
  from space 4608K, 0% used [0x00000000efc00000,0x00000000efc00000,0x00000000f0080000)
  to   space 5632K, 0% used [0x00000000ef680000,0x00000000ef680000,0x00000000efc00000)
 ParOldGen       total 168448K, used 63004K [0x00000000c0000000, 0x00000000ca480000, 0x00000000eab00000)
  object space 168448K, 37% used [0x00000000c0000000,0x00000000c3d873d8,0x00000000ca480000)
 Metaspace       used 15306K, capacity 15620K, committed 16000K, reserved 1062912K
  class space    used 1947K, capacity 2057K, committed 2176K, reserved 1048576K
}
Event: 7.107 GC heap before
{Heap before GC invocations=15 (full 6):
 PSYoungGen      total 81920K, used 73338K [0x00000000eab00000, 0x00000000f1100000, 0x0000000100000000)
  eden space 77312K, 94% used [0x00000000eab00000,0x00000000ef29e9a8,0x00000000ef680000)
  from space 4608K, 0% used [0x00000000efc00000,0x00000000efc00000,0x00000000f0080000)
  to   space 5632K, 0% used [0x00000000ef680000,0x00000000ef680000,0x00000000efc00000)
 ParOldGen       total 168448K, used 63004K [0x00000000c0000000, 0x00000000ca480000, 0x00000000eab00000)
  object space 168448K, 37% used [0x00000000c0000000,0x00000000c3d873d8,0x00000000ca480000)
 Metaspace       used 15317K, capacity 15684K, committed 16000K, reserved 1062912K
  class space    used 1947K, capacity 2057K, committed 2176K, reserved 1048576K
Event: 7.144 GC heap after
Heap after GC invocations=15 (full 6):
 PSYoungGen      total 82944K, used 4219K [0x00000000eab00000, 0x00000000f2900000, 0x0000000100000000)
  eden space 77312K, 0% used [0x00000000eab00000,0x00000000eab00000,0x00000000ef680000)
  from space 5632K, 74% used [0x00000000ef680000,0x00000000efa9eef8,0x00000000efc00000)
  to   space 5632K, 0% used [0x00000000f2380000,0x00000000f2380000,0x00000000f2900000)
 ParOldGen       total 168448K, used 106170K [0x00000000c0000000, 0x00000000ca480000, 0x00000000eab00000)
  object space 168448K, 63% used [0x00000000c0000000,0x00000000c67aeb88,0x00000000ca480000)
 Metaspace       used 15317K, capacity 15684K, committed 16000K, reserved 1062912K
  class space    used 1947K, capacity 2057K, committed 2176K, reserved 1048576K
}
Event: 7.817 GC heap before
{Heap before GC invocations=16 (full 6):
 PSYoungGen      total 82944K, used 81359K [0x00000000eab00000, 0x00000000f2900000, 0x0000000100000000)
  eden space 77312K, 99% used [0x00000000eab00000,0x00000000ef654fb0,0x00000000ef680000)
  from space 5632K, 74% used [0x00000000ef680000,0x00000000efa9eef8,0x00000000efc00000)
  to   space 5632K, 0% used [0x00000000f2380000,0x00000000f2380000,0x00000000f2900000)
 ParOldGen       total 168448K, used 106170K [0x00000000c0000000, 0x00000000ca480000, 0x00000000eab00000)
  object space 168448K, 63% used [0x00000000c0000000,0x00000000c67aeb88,0x00000000ca480000)
 Metaspace       used 15320K, capacity 15684K, committed 16000K, reserved 1062912K
  class space    used 1947K, capacity 2057K, committed 2176K, reserved 1048576K
Event: 7.874 GC heap after
Heap after GC invocations=16 (full 6):
 PSYoungGen      total 105984K, used 5600K [0x00000000eab00000, 0x00000000f3b80000, 0x0000000100000000)
  eden space 100352K, 0% used [0x00000000eab00000,0x00000000eab00000,0x00000000f0d00000)
  from space 5632K, 99% used [0x00000000f2380000,0x00000000f28f8010,0x00000000f2900000)
  to   space 23040K, 0% used [0x00000000f0d00000,0x00000000f0d00000,0x00000000f2380000)
 ParOldGen       total 168448K, used 150092K [0x00000000c0000000, 0x00000000ca480000, 0x00000000eab00000)
  object space 168448K, 89% used [0x00000000c0000000,0x00000000c92932c0,0x00000000ca480000)
 Metaspace       used 15320K, capacity 15684K, committed 16000K, reserved 1062912K
  class space    used 1947K, capacity 2057K, committed 2176K, reserved 1048576K
}
Event: 7.874 GC heap before
{Heap before GC invocations=17 (full 7):
 PSYoungGen      total 105984K, used 5600K [0x00000000eab00000, 0x00000000f3b80000, 0x0000000100000000)
  eden space 100352K, 0% used [0x00000000eab00000,0x00000000eab00000,0x00000000f0d00000)
  from space 5632K, 99% used [0x00000000f2380000,0x00000000f28f8010,0x00000000f2900000)
  to   space 23040K, 0% used [0x00000000f0d00000,0x00000000f0d00000,0x00000000f2380000)
 ParOldGen       total 168448K, used 150092K [0x00000000c0000000, 0x00000000ca480000, 0x00000000eab00000)
  object space 168448K, 89% used [0x00000000c0000000,0x00000000c92932c0,0x00000000ca480000)
 Metaspace       used 15320K, capacity 15684K, committed 16000K, reserved 1062912K
  class space    used 1947K, capacity 2057K, committed 2176K, reserved 1048576K
Event: 7.929 GC heap after
Heap after GC invocations=17 (full 7):
 PSYoungGen      total 105984K, used 0K [0x00000000eab00000, 0x00000000f3b80000, 0x0000000100000000)
  eden space 100352K, 0% used [0x00000000eab00000,0x00000000eab00000,0x00000000f0d00000)
  from space 5632K, 0% used [0x00000000f2380000,0x00000000f2380000,0x00000000f2900000)
  to   space 23040K, 0% used [0x00000000f0d00000,0x00000000f0d00000,0x00000000f2380000)
 ParOldGen       total 233472K, used 110512K [0x00000000c0000000, 0x00000000ce400000, 0x00000000eab00000)
  object space 233472K, 47% used [0x00000000c0000000,0x00000000c6bec130,0x00000000ce400000)
 Metaspace       used 15320K, capacity 15684K, committed 16000K, reserved 1062912K
  class space    used 1947K, capacity 2057K, committed 2176K, reserved 1048576K
}

